Using pre-set license
Built from '2020.3/staging' branch; Version is '2020.3.8f1 (507919d4fff5) revision 5273881'; Using compiler version '192528614'; Build Type 'Release'
OS: 'Windows 10 Home; OS build 19041.1110; Version 2004; 64bit' Language: 'en' Physical Memory: 12101 MB
BatchMode: 1, IsHumanControllingUs: 0, StartBugReporterOnCrash: 0, Is64bit: 1, IsPro: 0

 COMMAND LINE ARGUMENTS:
C:\Users\n6che\Desktop\2020.3.8f1\Editor\Unity.exe
-adb2
-batchMode
-noUpm
-name
AssetImportWorker0
-projectPath
C:/Users/n6che/Documents/Unity Projects/Town of Tryhard/Town of Tryhard
-logFile
Logs/AssetImportWorker0.log
-srvPort
63300
Successfully changed project path to: C:/Users/n6che/Documents/Unity Projects/Town of Tryhard/Town of Tryhard
C:/Users/n6che/Documents/Unity Projects/Town of Tryhard/Town of Tryhard
Using Asset Import Pipeline V2.
Refreshing native plugins compatible for Editor in 143.09 ms, found 1 plugins.
Preloading 0 native plugins for Editor in 0.00 ms.
Initialize engine version: 2020.3.8f1 (507919d4fff5)
[Subsystems] Discovering subsystems at path C:/Users/n6che/Desktop/2020.3.8f1/Editor/Data/Resources/UnitySubsystems
[Subsystems] Discovering subsystems at path C:/Users/n6che/Documents/Unity Projects/Town of Tryhard/Town of Tryhard/Assets
GfxDevice: creating device client; threaded=0
Direct3D:
    Version:  Direct3D 11.0 [level 11.1]
    Renderer: Intel(R) UHD Graphics 620 (ID=0x3ea0)
    Vendor:   
    VRAM:     6050 MB
    Driver:   25.20.100.6793
Initialize mono
Mono path[0] = 'C:/Users/n6che/Desktop/2020.3.8f1/Editor/Data/Managed'
Mono path[1] = 'C:/Users/n6che/Desktop/2020.3.8f1/Editor/Data/MonoBleedingEdge/lib/mono/unityjit'
Mono config path = 'C:/Users/n6che/Desktop/2020.3.8f1/Editor/Data/MonoBleedingEdge/etc'
Using monoOptions --debugger-agent=transport=dt_socket,embedding=1,server=y,suspend=n,address=127.0.0.1:56564
Begin MonoManager ReloadAssembly
Registering precompiled unity dll's ...
Register platform support module: C:/Users/n6che/Desktop/2020.3.8f1/Editor/Data/PlaybackEngines/WebGLSupport/UnityEditor.WebGL.Extensions.dll
Register platform support module: C:/Users/n6che/Desktop/2020.3.8f1/Editor/Data/PlaybackEngines/MacStandaloneSupport/UnityEditor.OSXStandalone.Extensions.dll
Register platform support module: C:/Users/n6che/Desktop/2020.3.8f1/Editor/Data/PlaybackEngines/WindowsStandaloneSupport/UnityEditor.WindowsStandalone.Extensions.dll
Registered in 0.009685 seconds.
Native extension for WindowsStandalone target not found
Native extension for OSXStandalone target not found
Native extension for WebGL target not found
Refreshing native plugins compatible for Editor in 125.75 ms, found 1 plugins.
Preloading 0 native plugins for Editor in 0.00 ms.
Mono: successfully reloaded assembly
- Completed reload, in  3.487 seconds
Platform modules already initialized, skipping
Registering precompiled user dll's ...
Registered in 0.003176 seconds.
Begin MonoManager ReloadAssembly
Native extension for WindowsStandalone target not found
Native extension for OSXStandalone target not found
Native extension for WebGL target not found
Refreshing native plugins compatible for Editor in 84.54 ms, found 1 plugins.
Preloading 0 native plugins for Editor in 0.00 ms.
Mono: successfully reloaded assembly
- Completed reload, in  2.767 seconds
Platform modules already initialized, skipping
========================================================================
Worker process is ready to serve import requests
Launched and connected shader compiler UnityShaderCompiler.exe after 0.15 seconds
Refreshing native plugins compatible for Editor in 0.42 ms, found 1 plugins.
Preloading 0 native plugins for Editor in 0.00 ms.
Unloading 1959 Unused Serialized files (Serialized files now loaded: 0)
System memory in use before: 161.7 MB.
System memory in use after: 161.7 MB.

Unloading 20 unused Assets to reduce memory usage. Loaded Objects now: 2412.
Total: 2.664300 ms (FindLiveObjects: 0.245500 ms CreateObjectMapping: 0.093300 ms MarkObjects: 2.247000 ms  DeleteObjects: 0.076900 ms)

========================================================================
Received Import Request.
  path: Assets
  artifactKey: Guid(00000000000000001000000000000000) Importer(815301076,1909f56bfc062723c751e8b465ee728b)
Start importing Assets using Guid(00000000000000001000000000000000) Importer(815301076,1909f56bfc062723c751e8b465ee728b)  -> (artifact id: '42d402b061de3733987d63b9cc3b64de') in 0.029988 seconds
  Import took 0.037324 seconds .

========================================================================
Received Import Request.
  Time since last request: 0.000485 seconds.
  path: Assets/Sprites
  artifactKey: Guid(3b31d0a7f2006ad45b2173775934b670) Importer(815301076,1909f56bfc062723c751e8b465ee728b)
Start importing Assets/Sprites using Guid(3b31d0a7f2006ad45b2173775934b670) Importer(815301076,1909f56bfc062723c751e8b465ee728b)  -> (artifact id: '22993e4f942272bd034764aff978f6ab') in 0.032442 seconds
  Import took 0.040908 seconds .

========================================================================
Received Import Request.
  Time since last request: 0.000489 seconds.
  path: Assets/SFX
  artifactKey: Guid(2a5ab7d220863524e88a370074501f95) Importer(815301076,1909f56bfc062723c751e8b465ee728b)
Start importing Assets/SFX using Guid(2a5ab7d220863524e88a370074501f95) Importer(815301076,1909f56bfc062723c751e8b465ee728b)  -> (artifact id: '47631854326b6c3db69c3f8d69c4ae8e') in 0.021594 seconds
  Import took 0.032582 seconds .

========================================================================
Received Import Request.
  Time since last request: 162.159555 seconds.
  path: Assets/Mixer/DefaultAudioMixer.mixer
  artifactKey: Guid(e0065016664769749b423959ddf97886) Importer(815301076,1909f56bfc062723c751e8b465ee728b)
Start importing Assets/Mixer/DefaultAudioMixer.mixer using Guid(e0065016664769749b423959ddf97886) Importer(815301076,1909f56bfc062723c751e8b465ee728b)  -> (artifact id: 'b87780b983b499a34ecb2c75cafc0228') in 0.092428 seconds
  Import took 0.100698 seconds .

AssetImportWorkerClient::OnTransportError - code=2 error=End of file
